2023-04-23 21:56:32.506 [info] Reading sessions from keychain...
2023-04-23 21:56:32.506 [info] Getting sessions for all scopes...
2023-04-23 21:56:32.506 [info] Getting sessions for user:email...
2023-04-23 21:56:32.506 [info] Got 0 sessions for ...
2023-04-23 21:56:32.506 [info] Got 0 sessions for user:email...
2023-04-23 21:56:32.506 [info] Getting sessions for all scopes...
2023-04-23 21:56:32.506 [info] Got 0 sessions for ...
2023-04-23 21:56:32.507 [info] Getting sessions for all scopes...
2023-04-23 21:56:32.507 [info] Got 0 sessions for ...
2023-04-23 21:56:36.535 [info] Getting sessions for user:email...
2023-04-23 21:56:36.535 [info] Got 0 sessions for user:email...
2023-04-23 21:56:37.895 [info] Logging in for the following scopes: user:email
2023-04-23 21:56:37.896 [info] Trying without local server... (user:email)
2023-04-23 21:56:45.537 [info] Exchanging code for token...
2023-04-23 21:56:46.255 [info] Token exchange success!
2023-04-23 21:56:46.257 [info] Getting user info...
2023-04-23 21:56:46.716 [info] Got account info!
2023-04-23 21:56:46.716 [info] Storing 1 sessions...
2023-04-23 21:56:46.744 [info] Reading sessions from keychain...
2023-04-23 21:56:46.744 [info] Stored 1 sessions!
2023-04-23 21:56:46.744 [info] Login success!
2023-04-23 21:56:46.745 [info] Getting sessions for user:email...
2023-04-23 21:56:46.746 [info] Getting sessions for user:email...
2023-04-23 21:56:46.747 [info] Got stored sessions!
2023-04-23 21:56:46.747 [info] Got 1 verified sessions.
2023-04-23 21:56:46.747 [info] Got 1 sessions for user:email...
2023-04-23 21:56:46.747 [info] Got 1 sessions for user:email...
2023-04-23 21:56:47.393 [info] Getting user info...
2023-04-23 21:56:47.787 [info] Got account info!
2023-04-23 21:57:55.231 [info] Reading sessions from keychain...
2023-04-23 21:57:55.231 [info] Getting sessions for all scopes...
2023-04-23 21:57:55.231 [info] Getting sessions for user:email...
2023-04-23 21:57:55.231 [info] Getting sessions for all scopes...
2023-04-23 21:57:55.231 [info] Got stored sessions!
2023-04-23 21:57:55.231 [info] Got 1 verified sessions.
2023-04-23 21:57:55.231 [info] Got 1 sessions for ...
2023-04-23 21:57:55.231 [info] Got 1 sessions for user:email...
2023-04-23 21:57:55.231 [info] Got 1 sessions for ...
2023-04-23 21:57:55.236 [info] Getting sessions for all scopes...
2023-04-23 21:57:55.236 [info] Got 1 sessions for ...
2023-04-23 21:57:57.118 [info] Getting user info...
2023-04-23 21:57:57.484 [info] Got account info!
