2023-04-23 21:56:32.425 [info] Log level: Info
2023-04-23 21:56:32.425 [info] Validating found git in: "git"
2023-04-23 21:56:32.425 [info] Using git "2.40.0" from "git"
2023-04-23 21:57:58.887 [info] Log level: Info
2023-04-23 21:57:58.887 [info] Validating found git in: "git"
2023-04-23 21:57:58.887 [info] Using git "2.40.0" from "git"
2023-04-23 21:57:58.889 [info] > git rev-parse --show-toplevel [12ms]
2023-04-23 21:57:58.902 [info] > git rev-parse --git-dir --git-common-dir [1ms]
2023-04-23 21:57:58.907 [info] Open repository: /home/nicolasenea/Documents/dot-files
2023-04-23 21:57:58.915 [info] > git config --get commit.template [2ms]
2023-04-23 21:57:58.915 [info] > git rev-parse --show-toplevel [4ms]
2023-04-23 21:57:58.920 [info] > git rev-parse --show-toplevel [3ms]
2023-04-23 21:57:58.921 [info] > git for-each-ref --format=%(refname)%00%(upstream:short)%00%(objectname)%00%(upstream:track)%00%(upstream:remotename)%00%(upstream:remoteref) refs/heads/main refs/remotes/main [1ms]
2023-04-23 21:57:58.924 [info] > git status -z -uall [1ms]
2023-04-23 21:57:58.930 [info] > git config --get commit.template [1ms]
2023-04-23 21:57:58.933 [info] > git for-each-ref --format=%(refname)%00%(upstream:short)%00%(objectname)%00%(upstream:track)%00%(upstream:remotename)%00%(upstream:remoteref) refs/heads/main refs/remotes/main [1ms]
2023-04-23 21:57:58.935 [info] > git status -z -uall [0ms]
2023-04-23 21:57:59.419 [info] > git check-ignore -v -z --stdin [0ms]
2023-04-23 21:58:01.283 [info] > git check-ignore -v -z --stdin [1ms]
2023-04-23 21:58:16.173 [info] > git check-ignore -v -z --stdin [0ms]
2023-04-23 21:58:16.748 [info] > git config --get commit.template [3ms]
2023-04-23 21:58:16.748 [info] > git for-each-ref --format=%(refname)%00%(upstream:short)%00%(objectname)%00%(upstream:track)%00%(upstream:remotename)%00%(upstream:remoteref) refs/heads/main refs/remotes/main [1ms]
2023-04-23 21:58:16.751 [info] > git status -z -uall [0ms]
2023-04-23 21:59:23.713 [info] > git check-ignore -v -z --stdin [1ms]
2023-04-23 21:59:28.615 [info] > git show --textconv :README.md [4ms]
2023-04-23 21:59:28.616 [info] > git ls-files --stage -- /home/nicolasenea/Documents/dot-files/README.md [2ms]
2023-04-23 21:59:28.619 [info] > git cat-file -s 22b48a364987b8569ce8dd9c0256218d4f71078a [0ms]
2023-04-23 21:59:33.134 [info] > git config --get commit.template [2ms]
2023-04-23 21:59:33.134 [info] > git for-each-ref --format=%(refname)%00%(upstream:short)%00%(objectname)%00%(upstream:track)%00%(upstream:remotename)%00%(upstream:remoteref) refs/heads/main refs/remotes/main [1ms]
2023-04-23 21:59:33.137 [info] > git status -z -uall [1ms]
2023-04-23 22:03:30.525 [info] > git check-ignore -v -z --stdin [0ms]
2023-04-23 22:03:43.313 [info] > git config --get commit.template [1ms]
2023-04-23 22:03:43.316 [info] > git for-each-ref --format=%(refname)%00%(upstream:short)%00%(objectname)%00%(upstream:track)%00%(upstream:remotename)%00%(upstream:remoteref) refs/heads/main refs/remotes/main [0ms]
2023-04-23 22:03:43.320 [info] > git status -z -uall [1ms]
2023-04-23 22:03:43.341 [info] > git ls-files --stage -- /home/nicolasenea/Documents/dot-files/README.md [1ms]
2023-04-23 22:03:43.344 [info] > git cat-file -s 22b48a364987b8569ce8dd9c0256218d4f71078a [1ms]
2023-04-23 22:03:43.355 [info] > git show --textconv :README.md [1ms]
2023-04-23 22:03:48.330 [info] > git config --get commit.template [2ms]
2023-04-23 22:03:48.330 [info] > git for-each-ref --format=%(refname)%00%(upstream:short)%00%(objectname)%00%(upstream:track)%00%(upstream:remotename)%00%(upstream:remoteref) refs/heads/main refs/remotes/main [1ms]
2023-04-23 22:03:48.333 [info] > git status -z -uall [1ms]
2023-04-23 22:04:09.101 [info] > git config --get commit.template [2ms]
2023-04-23 22:04:09.101 [info] > git for-each-ref --format=%(refname)%00%(upstream:short)%00%(objectname)%00%(upstream:track)%00%(upstream:remotename)%00%(upstream:remoteref) refs/heads/main refs/remotes/main [1ms]
2023-04-23 22:04:09.104 [info] > git status -z -uall [1ms]
2023-04-23 22:04:19.922 [info] > git checkout -q -- /home/nicolasenea/Documents/dot-files/fedora/.zshrc [9ms]
2023-04-23 22:04:19.928 [info] > git config --get commit.template [3ms]
2023-04-23 22:04:19.928 [info] > git for-each-ref --format=%(refname)%00%(upstream:short)%00%(objectname)%00%(upstream:track)%00%(upstream:remotename)%00%(upstream:remoteref) refs/heads/main refs/remotes/main [0ms]
2023-04-23 22:04:19.931 [info] > git status -z -uall [0ms]
2023-04-23 22:04:20.999 [info] > git config --get commit.template [4ms]
2023-04-23 22:04:20.999 [info] > git for-each-ref --format=%(refname)%00%(upstream:short)%00%(objectname)%00%(upstream:track)%00%(upstream:remotename)%00%(upstream:remoteref) refs/heads/main refs/remotes/main [1ms]
2023-04-23 22:04:21.002 [info] > git status -z -uall [0ms]
2023-04-23 22:04:21.096 [info] > git ls-files --stage -- /home/nicolasenea/Documents/dot-files/README.md [1ms]
2023-04-23 22:04:21.098 [info] > git cat-file -s 22b48a364987b8569ce8dd9c0256218d4f71078a [0ms]
2023-04-23 22:04:21.102 [info] > git show --textconv :README.md [1ms]
2023-04-23 22:04:23.621 [info] > git checkout -q -- /home/nicolasenea/Documents/dot-files/README.md [1ms]
2023-04-23 22:04:23.627 [info] > git config --get commit.template [2ms]
2023-04-23 22:04:23.627 [info] > git for-each-ref --format=%(refname)%00%(upstream:short)%00%(objectname)%00%(upstream:track)%00%(upstream:remotename)%00%(upstream:remoteref) refs/heads/main refs/remotes/main [0ms]
2023-04-23 22:04:23.630 [info] > git status -z -uall [0ms]
2023-04-23 22:04:24.803 [info] > git ls-files --stage -- /home/nicolasenea/Documents/dot-files/README.md [1ms]
2023-04-23 22:04:24.805 [info] > git cat-file -s 22b48a364987b8569ce8dd9c0256218d4f71078a [0ms]
2023-04-23 22:04:24.809 [info] > git show --textconv :README.md [1ms]
2023-04-23 22:04:49.823 [info] > git check-ignore -v -z --stdin [1ms]
2023-04-23 22:04:51.364 [info] > git config --get commit.template [3ms]
2023-04-23 22:04:51.364 [info] > git for-each-ref --format=%(refname)%00%(upstream:short)%00%(objectname)%00%(upstream:track)%00%(upstream:remotename)%00%(upstream:remoteref) refs/heads/main refs/remotes/main [1ms]
2023-04-23 22:04:51.368 [info] > git status -z -uall [1ms]
2023-04-23 22:04:54.059 [info] > git check-ignore -v -z --stdin [0ms]
2023-04-23 22:04:56.378 [info] > git config --get commit.template [3ms]
2023-04-23 22:04:56.378 [info] > git for-each-ref --format=%(refname)%00%(upstream:short)%00%(objectname)%00%(upstream:track)%00%(upstream:remotename)%00%(upstream:remoteref) refs/heads/main refs/remotes/main [0ms]
2023-04-23 22:04:56.382 [info] > git status -z -uall [1ms]
2023-04-23 22:04:57.556 [info] > git clean -f -q -- /home/nicolasenea/Documents/dot-files/hooks/applypatch-msg.sample /home/nicolasenea/Documents/dot-files/hooks/commit-msg.sample /home/nicolasenea/Documents/dot-files/hooks/fsmonitor-watchman.sample /home/nicolasenea/Documents/dot-files/hooks/post-update.sample /home/nicolasenea/Documents/dot-files/hooks/pre-applypatch.sample /home/nicolasenea/Documents/dot-files/hooks/pre-commit.sample /home/nicolasenea/Documents/dot-files/hooks/pre-merge-commit.sample /home/nicolasenea/Documents/dot-files/hooks/pre-push.sample /home/nicolasenea/Documents/dot-files/hooks/pre-rebase.sample /home/nicolasenea/Documents/dot-files/hooks/pre-receive.sample /home/nicolasenea/Documents/dot-files/hooks/prepare-commit-msg.sample /home/nicolasenea/Documents/dot-files/hooks/push-to-checkout.sample /home/nicolasenea/Documents/dot-files/hooks/update.sample [3ms]
2023-04-23 22:04:57.556 [info] > git clean -f -q -- /home/nicolasenea/Documents/dot-files/HEAD /home/nicolasenea/Documents/dot-files/config /home/nicolasenea/Documents/dot-files/description [6ms]
2023-04-23 22:04:57.557 [info] > git clean -f -q -- /home/nicolasenea/Documents/dot-files/info/exclude [1ms]
2023-04-23 22:04:57.560 [info] > git checkout -q [1ms]
2023-04-23 22:04:57.567 [info] > git config --get commit.template [3ms]
2023-04-23 22:04:57.567 [info] > git for-each-ref --format=%(refname)%00%(upstream:short)%00%(objectname)%00%(upstream:track)%00%(upstream:remotename)%00%(upstream:remoteref) refs/heads/main refs/remotes/main [0ms]
2023-04-23 22:04:57.571 [info] > git status -z -uall [1ms]
2023-04-23 22:08:36.019 [info] > git config --get commit.template [4ms]
2023-04-23 22:08:36.022 [info] > git ls-files --stage -- /home/nicolasenea/Documents/dot-files/README.md [3ms]
2023-04-23 22:08:36.024 [info] > git for-each-ref --format=%(refname)%00%(upstream:short)%00%(objectname)%00%(upstream:track)%00%(upstream:remotename)%00%(upstream:remoteref) refs/heads/main refs/remotes/main [3ms]
2023-04-23 22:08:36.027 [info] > git cat-file -s 22b48a364987b8569ce8dd9c0256218d4f71078a [3ms]
2023-04-23 22:08:36.027 [info] > git status -z -uall [0ms]
2023-04-23 22:08:36.033 [info] > git show --textconv :README.md [2ms]
2023-04-23 22:15:50.512 [info] > git show --textconv :fedora/.zshrc [4ms]
2023-04-23 22:15:50.512 [info] > git ls-files --stage -- /home/nicolasenea/Documents/dot-files/fedora/.zshrc [1ms]
2023-04-23 22:15:50.515 [info] > git cat-file -s c55f746abb451e432a5bc220f5e4d9c785617a7f [1ms]
2023-04-23 22:16:13.899 [info] > git config --get commit.template [3ms]
2023-04-23 22:16:13.899 [info] > git for-each-ref --format=%(refname)%00%(upstream:short)%00%(objectname)%00%(upstream:track)%00%(upstream:remotename)%00%(upstream:remoteref) refs/heads/main refs/remotes/main [1ms]
2023-04-23 22:16:13.903 [info] > git status -z -uall [1ms]
2023-04-23 22:16:28.360 [info] > git add -A -- . [1ms]
2023-04-23 22:16:28.365 [info] > git -c user.useConfigOnly=true commit --quiet --allow-empty-message --file - [3ms]
2023-04-23 22:16:28.368 [info] > git config --get commit.template [0ms]
2023-04-23 22:16:28.375 [info] > git config --get commit.template [3ms]
2023-04-23 22:16:28.375 [info] > git for-each-ref --format=%(refname)%00%(upstream:short)%00%(objectname)%00%(upstream:track)%00%(upstream:remotename)%00%(upstream:remoteref) refs/heads/main refs/remotes/main [1ms]
2023-04-23 22:16:28.379 [info] > git status -z -uall [1ms]
2023-04-23 22:16:28.432 [info] > git config --get commit.template [6ms]
2023-04-23 22:16:28.433 [info] > git for-each-ref --format=%(refname)%00%(upstream:short)%00%(objectname)%00%(upstream:track)%00%(upstream:remotename)%00%(upstream:remoteref) refs/heads/main refs/remotes/main [1ms]
2023-04-23 22:16:28.438 [info] > git status -z -uall [1ms]
2023-04-23 22:16:29.448 [info] > git config --get commit.template [2ms]
2023-04-23 22:16:29.448 [info] > git for-each-ref --format=%(refname)%00%(upstream:short)%00%(objectname)%00%(upstream:track)%00%(upstream:remotename)%00%(upstream:remoteref) refs/heads/main refs/remotes/main [1ms]
2023-04-23 22:16:29.451 [info] > git status -z -uall [1ms]
2023-04-23 22:16:29.549 [info] > git ls-files --stage -- /home/nicolasenea/Documents/dot-files/README.md [2ms]
2023-04-23 22:16:29.551 [info] > git ls-files --stage -- /home/nicolasenea/Documents/dot-files/fedora/.zshrc [3ms]
2023-04-23 22:16:29.554 [info] > git cat-file -s 22b48a364987b8569ce8dd9c0256218d4f71078a [3ms]
2023-04-23 22:16:29.554 [info] > git cat-file -s b71d56201b2eb1a858fc11503b280e5d408abc3e [1ms]
2023-04-23 22:16:29.560 [info] > git show --textconv :README.md [3ms]
2023-04-23 22:16:29.560 [info] > git show --textconv :fedora/.zshrc [0ms]
2023-04-23 22:16:30.201 [info] > git log --oneline --cherry main...main@{upstream} -- [1ms]
2023-04-23 22:16:31.389 [info] > git ls-files --stage -- /home/nicolasenea/Documents/dot-files/README.md [3ms]
2023-04-23 22:16:31.391 [info] > git ls-files --stage -- /home/nicolasenea/Documents/dot-files/fedora/.zshrc [3ms]
2023-04-23 22:16:31.394 [info] > git cat-file -s 22b48a364987b8569ce8dd9c0256218d4f71078a [3ms]
2023-04-23 22:16:31.394 [info] > git cat-file -s b71d56201b2eb1a858fc11503b280e5d408abc3e [0ms]
2023-04-23 22:16:31.401 [info] > git show --textconv :README.md [4ms]
2023-04-23 22:16:31.401 [info] > git show --textconv :fedora/.zshrc [1ms]
2023-04-23 22:16:37.580 [info] > git pull --tags origin main [7377ms]
2023-04-23 22:16:37.580 [info] From github.com:nicoenea/dot-files
 * branch            main       -> FETCH_HEAD
2023-04-23 22:16:38.814 [info] > git ls-files --stage -- /home/nicolasenea/Documents/dot-files/README.md [3ms]
2023-04-23 22:16:38.817 [info] > git ls-files --stage -- /home/nicolasenea/Documents/dot-files/fedora/.zshrc [3ms]
2023-04-23 22:16:38.819 [info] > git cat-file -s 22b48a364987b8569ce8dd9c0256218d4f71078a [2ms]
2023-04-23 22:16:38.820 [info] > git cat-file -s b71d56201b2eb1a858fc11503b280e5d408abc3e [1ms]
2023-04-23 22:16:38.825 [info] > git show --textconv :README.md [3ms]
2023-04-23 22:16:38.826 [info] > git show --textconv :fedora/.zshrc [1ms]
2023-04-23 22:17:45.447 [info] > git push origin main:main [67864ms]
2023-04-23 22:17:45.447 [info] git@github.com: Permission denied (publickey).
fatal: Could not read from remote repository.

Please make sure you have the correct access rights
and the repository exists.
2023-04-23 22:17:51.246 [info] > git config --get commit.template [2ms]
2023-04-23 22:17:51.247 [info] > git for-each-ref --format=%(refname)%00%(upstream:short)%00%(objectname)%00%(upstream:track)%00%(upstream:remotename)%00%(upstream:remoteref) refs/heads/main refs/remotes/main [1ms]
2023-04-23 22:17:51.249 [info] > git status -z -uall [0ms]
2023-04-23 22:17:52.364 [info] > git log --oneline --cherry main...main@{upstream} -- [1ms]
2023-04-23 22:17:53.551 [info] > git ls-files --stage -- /home/nicolasenea/Documents/dot-files/README.md [3ms]
2023-04-23 22:17:53.554 [info] > git ls-files --stage -- /home/nicolasenea/Documents/dot-files/fedora/.zshrc [3ms]
2023-04-23 22:17:53.556 [info] > git cat-file -s 22b48a364987b8569ce8dd9c0256218d4f71078a [2ms]
2023-04-23 22:17:53.557 [info] > git cat-file -s b71d56201b2eb1a858fc11503b280e5d408abc3e [1ms]
2023-04-23 22:17:53.562 [info] > git show --textconv :README.md [3ms]
2023-04-23 22:17:53.562 [info] > git show --textconv :fedora/.zshrc [0ms]
2023-04-23 22:18:03.529 [info] > git pull --tags origin main [11163ms]
2023-04-23 22:18:03.530 [info] From github.com:nicoenea/dot-files
 * branch            main       -> FETCH_HEAD
2023-04-23 22:18:04.494 [info] > git ls-files --stage -- /home/nicolasenea/Documents/dot-files/README.md [3ms]
2023-04-23 22:18:04.497 [info] > git ls-files --stage -- /home/nicolasenea/Documents/dot-files/fedora/.zshrc [3ms]
2023-04-23 22:18:04.500 [info] > git cat-file -s 22b48a364987b8569ce8dd9c0256218d4f71078a [3ms]
2023-04-23 22:18:04.500 [info] > git cat-file -s b71d56201b2eb1a858fc11503b280e5d408abc3e [1ms]
2023-04-23 22:18:04.505 [info] > git show --textconv :README.md [2ms]
2023-04-23 22:18:04.506 [info] > git show --textconv :fedora/.zshrc [1ms]
2023-04-23 22:18:09.807 [info] > git push origin main:main [6274ms]
2023-04-23 22:18:09.807 [info] remote: Resolving deltas:   0% (0/1)        remote: Resolving deltas: 100% (1/1)        remote: Resolving deltas: 100% (1/1), completed with 1 local object.        
To github.com:nicoenea/dot-files.git
   952e752..7dd1d18  main -> main
2023-04-23 22:18:09.814 [info] > git config --get commit.template [3ms]
2023-04-23 22:18:09.814 [info] > git for-each-ref --format=%(refname)%00%(upstream:short)%00%(objectname)%00%(upstream:track)%00%(upstream:remotename)%00%(upstream:remoteref) refs/heads/main refs/remotes/main [1ms]
2023-04-23 22:18:09.817 [info] > git status -z -uall [1ms]
2023-04-23 22:18:10.992 [info] > git config --get commit.template [3ms]
2023-04-23 22:18:10.993 [info] > git for-each-ref --format=%(refname)%00%(upstream:short)%00%(objectname)%00%(upstream:track)%00%(upstream:remotename)%00%(upstream:remoteref) refs/heads/main refs/remotes/main [1ms]
2023-04-23 22:18:10.996 [info] > git status -z -uall [1ms]
2023-04-23 22:18:11.089 [info] > git ls-files --stage -- /home/nicolasenea/Documents/dot-files/README.md [3ms]
2023-04-23 22:18:11.092 [info] > git ls-files --stage -- /home/nicolasenea/Documents/dot-files/fedora/.zshrc [3ms]
2023-04-23 22:18:11.094 [info] > git cat-file -s 22b48a364987b8569ce8dd9c0256218d4f71078a [3ms]
2023-04-23 22:18:11.094 [info] > git cat-file -s b71d56201b2eb1a858fc11503b280e5d408abc3e [0ms]
2023-04-23 22:18:11.100 [info] > git show --textconv :README.md [3ms]
2023-04-23 22:18:11.100 [info] > git show --textconv :fedora/.zshrc [0ms]
