2023-04-23 21:56:31.658 [info] [SharedProcess] using utility process
2023-04-23 21:56:31.705 [info] update#setState idle
2023-04-23 21:56:32.084 [info] [UtilityProcess type: shared-process, pid: <none>]: creating new...
2023-04-23 21:56:32.088 [info] [UtilityProcess id: 1, type: fileWatcher, pid: <none>]: creating new...
2023-04-23 21:56:32.106 [info] [UtilityProcess type: shared-process, pid: 27202]: successfully created
2023-04-23 21:56:32.109 [info] [UtilityProcess id: 1, type: fileWatcher, pid: 27207]: successfully created
2023-04-23 21:56:32.128 [info] [UtilityProcess id: 1, type: extensionHost, pid: <none>]: creating new...
2023-04-23 21:56:32.133 [info] [UtilityProcess id: 1, type: extensionHost, pid: 27222]: successfully created
2023-04-23 21:57:01.704 [info] update#setState checking for updates
2023-04-23 21:57:01.767 [info] update#setState idle
2023-04-23 21:57:54.391 [info] [UtilityProcess id: 1, type: fileWatcher, pid: 27207]: attempting to kill the process...
2023-04-23 21:57:54.391 [info] [UtilityProcess id: 1, type: fileWatcher, pid: 27207]: successfully killed the process
2023-04-23 21:57:54.392 [info] [UtilityProcess id: 1, type: extensionHost, pid: 27222]: received exit event with code 0
2023-04-23 21:57:54.392 [info] Extension host with pid 27222 exited with code: 0, signal: unknown.
2023-04-23 21:57:54.395 [info] [UtilityProcess id: 1, type: fileWatcher, pid: 27207]: received exit event with code 15
2023-04-23 21:57:54.395 [error] [UtilityProcessWorker]: terminated unexpectedly with code 15, signal: unknown
2023-04-23 21:57:54.395 [error] [UtilityProcess id: 1, type: fileWatcher, pid: 27207]: crashed with code 15 and reason 'killed'
2023-04-23 21:57:54.750 [info] [UtilityProcess id: 1, type: fileWatcher, pid: <none>]: creating new...
2023-04-23 21:57:54.755 [info] [UtilityProcess id: 1, type: fileWatcher, pid: 28541]: successfully created
2023-04-23 21:57:54.786 [info] [UtilityProcess id: 2, type: extensionHost, pid: <none>]: creating new...
2023-04-23 21:57:54.791 [info] [UtilityProcess id: 2, type: extensionHost, pid: 28551]: successfully created
