2023-04-23 21:56:49.495 [info] Getting Manifest... dart-code.flutter
2023-04-23 21:56:49.555 [info] Installing extension: dart-code.flutter
2023-04-23 21:56:49.555 [info] Installing the extension without checking dependencies and pack dart-code.flutter
2023-04-23 21:56:50.558 [info] Extension signature is verified: dart-code.flutter
2023-04-23 21:56:50.569 [info] Extracted extension to /home/nicolasenea/.vscode/extensions/.bf4ed968-c68c-4db6-97f0-b85121d59264: dart-code.flutter
2023-04-23 21:56:50.584 [info] Renamed to /home/nicolasenea/.vscode/extensions/dart-code.flutter-3.62.0
2023-04-23 21:56:50.585 [info] Extracting extension completed. dart-code.flutter
2023-04-23 21:56:50.596 [info] Extension installed successfully: dart-code.flutter
2023-04-23 21:56:50.597 [info] Getting Manifest... yzhang.markdown-all-in-one
2023-04-23 21:56:50.613 [info] Installing extension: yzhang.markdown-all-in-one
2023-04-23 21:56:50.613 [info] Installing the extension without checking dependencies and pack yzhang.markdown-all-in-one
2023-04-23 21:56:51.672 [info] Extension signature is verified: yzhang.markdown-all-in-one
2023-04-23 21:56:51.701 [info] Extracted extension to /home/nicolasenea/.vscode/extensions/.a9dc8020-a6da-4a27-b91b-a115b9928994: yzhang.markdown-all-in-one
2023-04-23 21:56:51.720 [info] Renamed to /home/nicolasenea/.vscode/extensions/yzhang.markdown-all-in-one-3.5.1
2023-04-23 21:56:51.722 [info] Extracting extension completed. yzhang.markdown-all-in-one
2023-04-23 21:56:51.731 [info] Extension installed successfully: yzhang.markdown-all-in-one
2023-04-23 21:56:51.732 [info] Getting Manifest... ritwickdey.liveserver
2023-04-23 21:56:51.775 [info] Installing extension: ritwickdey.liveserver
2023-04-23 21:56:51.775 [info] Installing the extension without checking dependencies and pack ritwickdey.liveserver
2023-04-23 21:56:53.081 [info] Extension signature is verified: ritwickdey.liveserver
2023-04-23 21:56:54.698 [info] Extracted extension to /home/nicolasenea/.vscode/extensions/.d048c706-32c1-46b7-a01f-0cbbb6ec2571: ritwickdey.liveserver
2023-04-23 21:56:54.714 [info] Renamed to /home/nicolasenea/.vscode/extensions/ritwickdey.liveserver-5.7.9
2023-04-23 21:56:54.715 [info] Extracting extension completed. ritwickdey.liveserver
2023-04-23 21:56:54.724 [info] Extension installed successfully: ritwickdey.liveserver
2023-04-23 21:56:54.724 [info] Getting Manifest... ms-azuretools.vscode-docker
2023-04-23 21:56:54.748 [info] Installing extension: ms-azuretools.vscode-docker
2023-04-23 21:56:54.748 [info] Installing the extension without checking dependencies and pack ms-azuretools.vscode-docker
2023-04-23 21:56:55.807 [info] Extension signature is verified: ms-azuretools.vscode-docker
2023-04-23 21:56:55.851 [info] Extracted extension to /home/nicolasenea/.vscode/extensions/.19b2d9cd-51b9-4ab7-8f78-0548f44fc351: ms-azuretools.vscode-docker
2023-04-23 21:56:55.866 [info] Renamed to /home/nicolasenea/.vscode/extensions/ms-azuretools.vscode-docker-1.25.0
2023-04-23 21:56:55.870 [info] Extracting extension completed. ms-azuretools.vscode-docker
2023-04-23 21:56:55.879 [info] Extension installed successfully: ms-azuretools.vscode-docker
2023-04-23 21:56:55.879 [info] Getting Manifest... ecmel.vscode-html-css
2023-04-23 21:56:55.931 [info] Installing extension: ecmel.vscode-html-css
2023-04-23 21:56:55.931 [info] Installing the extension without checking dependencies and pack ecmel.vscode-html-css
2023-04-23 21:56:56.845 [info] Extension signature is verified: ecmel.vscode-html-css
2023-04-23 21:56:56.852 [info] Extracted extension to /home/nicolasenea/.vscode/extensions/.7be6fb3a-4c9a-4e9d-bccf-619c1ec6a356: ecmel.vscode-html-css
2023-04-23 21:56:56.867 [info] Renamed to /home/nicolasenea/.vscode/extensions/ecmel.vscode-html-css-1.13.1
2023-04-23 21:56:56.867 [info] Extracting extension completed. ecmel.vscode-html-css
2023-04-23 21:56:56.876 [info] Extension installed successfully: ecmel.vscode-html-css
2023-04-23 21:56:56.876 [info] Getting Manifest... jock.svg
2023-04-23 21:56:56.890 [info] Installing extension: jock.svg
2023-04-23 21:56:56.890 [info] Installing the extension without checking dependencies and pack jock.svg
2023-04-23 21:56:57.876 [info] Extension signature is verified: jock.svg
2023-04-23 21:56:58.023 [info] Extracted extension to /home/nicolasenea/.vscode/extensions/.376465c1-cc88-458e-811a-e253875af46f: jock.svg
2023-04-23 21:56:58.038 [info] Renamed to /home/nicolasenea/.vscode/extensions/jock.svg-1.5.2
2023-04-23 21:56:58.039 [info] Extracting extension completed. jock.svg
2023-04-23 21:56:58.047 [info] Extension installed successfully: jock.svg
2023-04-23 21:56:58.048 [info] Getting Manifest... dart-code.dart-code
2023-04-23 21:56:58.063 [info] Installing extension: dart-code.dart-code
2023-04-23 21:56:58.063 [info] Installing the extension without checking dependencies and pack dart-code.dart-code
2023-04-23 21:57:00.215 [info] Extension signature is verified: dart-code.dart-code
2023-04-23 21:57:04.293 [info] Extracted extension to /home/nicolasenea/.vscode/extensions/.d993f8cf-1b0b-4ffd-9650-3f38cdb5721f: dart-code.dart-code
2023-04-23 21:57:04.308 [info] Renamed to /home/nicolasenea/.vscode/extensions/dart-code.dart-code-3.62.0
2023-04-23 21:57:04.309 [info] Extracting extension completed. dart-code.dart-code
2023-04-23 21:57:04.318 [info] Extension installed successfully: dart-code.dart-code
2023-04-23 21:57:04.319 [info] Getting Manifest... ms-python.python
2023-04-23 21:57:04.340 [info] Installing extension: ms-python.python
2023-04-23 21:57:04.340 [info] Installing the extension without checking dependencies and pack ms-python.python
2023-04-23 21:57:06.326 [info] Extension signature is verified: ms-python.python
2023-04-23 21:57:07.121 [info] Extracted extension to /home/nicolasenea/.vscode/extensions/.ab5a8a40-2d52-4d56-ae30-4dc6866454fb: ms-python.python
2023-04-23 21:57:07.136 [info] Renamed to /home/nicolasenea/.vscode/extensions/ms-python.python-2023.6.1
2023-04-23 21:57:07.139 [info] Extracting extension completed. ms-python.python
2023-04-23 21:57:07.148 [info] Extension installed successfully: ms-python.python
2023-04-23 21:57:07.148 [info] Getting Manifest... ms-python.vscode-pylance
2023-04-23 21:57:07.170 [info] Installing extension: ms-python.vscode-pylance
2023-04-23 21:57:07.170 [info] Installing the extension without checking dependencies and pack ms-python.vscode-pylance
2023-04-23 21:57:08.902 [info] Extension signature is verified: ms-python.vscode-pylance
2023-04-23 21:57:10.381 [info] Extracted extension to /home/nicolasenea/.vscode/extensions/.f47fc141-7b08-40db-aaf9-41a142210d0f: ms-python.vscode-pylance
2023-04-23 21:57:10.396 [info] Renamed to /home/nicolasenea/.vscode/extensions/ms-python.vscode-pylance-2023.4.30
2023-04-23 21:57:10.397 [info] Extracting extension completed. ms-python.vscode-pylance
2023-04-23 21:57:10.406 [info] Extension installed successfully: ms-python.vscode-pylance
2023-04-23 21:57:10.407 [info] Getting Manifest... ms-toolsai.jupyter
2023-04-23 21:57:10.431 [info] Installing extension: ms-toolsai.jupyter
2023-04-23 21:57:10.431 [info] Installing the extension without checking dependencies and pack ms-toolsai.jupyter
2023-04-23 21:57:12.531 [info] Extension signature is verified: ms-toolsai.jupyter
2023-04-23 21:57:12.785 [info] Extracted extension to /home/nicolasenea/.vscode/extensions/.73055131-27fe-40f6-8090-2f9ca567e418: ms-toolsai.jupyter
2023-04-23 21:57:12.799 [info] Renamed to /home/nicolasenea/.vscode/extensions/ms-toolsai.jupyter-2023.3.1201040234
2023-04-23 21:57:12.802 [info] Extracting extension completed. ms-toolsai.jupyter
2023-04-23 21:57:12.811 [info] Extension installed successfully: ms-toolsai.jupyter
