2023-04-23 21:56:32.243 [info] Using settings sync service https://vscode-sync.trafficmanager.net/
2023-04-23 21:56:32.243 [info] Auto Sync is disabled.
2023-04-23 21:56:46.751 [info] Sync started.
2023-04-23 21:56:47.303 [info] Did reset the local sync state.
2023-04-23 21:56:47.312 [info] Settings: Migrating last sync user data. Resource does not exist.
2023-04-23 21:56:47.312 [info] Settings: Last sync data state does not exist.
2023-04-23 21:56:47.375 [info] Settings: Migrating last sync user data. Resource does not exist.
2023-04-23 21:56:47.375 [info] Settings: Last sync data state does not exist.
2023-04-23 21:56:47.497 [info] Keybindings: Migrating last sync user data. Resource does not exist.
2023-04-23 21:56:47.497 [info] Keybindings: Last sync data state does not exist.
2023-04-23 21:56:47.545 [info] Snippets: Migrating last sync user data. Resource does not exist.
2023-04-23 21:56:47.545 [info] Snippets: Last sync data state does not exist.
2023-04-23 21:56:47.556 [info] GlobalState: Migrating last sync user data. Resource does not exist.
2023-04-23 21:56:47.556 [info] GlobalState: Last sync data state does not exist.
2023-04-23 21:56:47.601 [info] Tasks: Migrating last sync user data. Resource does not exist.
2023-04-23 21:56:47.601 [info] Tasks: Last sync data state does not exist.
2023-04-23 21:56:47.650 [info] GlobalState: Migrating last sync user data. Resource does not exist.
2023-04-23 21:56:47.650 [info] GlobalState: Last sync data state does not exist.
2023-04-23 21:56:47.741 [info] Extensions: Migrating last sync user data. Resource does not exist.
2023-04-23 21:56:47.741 [info] Extensions: Last sync data state does not exist.
2023-04-23 21:56:47.882 [info] Profiles: Migrating last sync user data. Resource does not exist.
2023-04-23 21:56:47.882 [info] Profiles: Last sync data state does not exist.
2023-04-23 21:56:47.932 [info] Profiles: Migrating last sync user data. Resource does not exist.
2023-04-23 21:56:47.932 [info] Profiles: Last sync data state does not exist.
2023-04-23 21:56:47.944 [info] Settings: Updated local settings
2023-04-23 21:56:47.955 [info] Settings: Updated last synchronized settings
2023-04-23 21:56:47.957 [info] Keybindings: No changes found during synchronizing keybindings.
2023-04-23 21:56:47.967 [info] Keybindings: Updated last synchronized keybindings
2023-04-23 21:56:47.968 [info] Snippets: No changes found during synchronizing snippets.
2023-04-23 21:56:47.976 [info] Snippets: Updated last synchronized snippets
2023-04-23 21:56:47.977 [info] Tasks: No changes found during synchronizing tasks.
2023-04-23 21:56:47.986 [info] Tasks: Updated last synchronized tasks
2023-04-23 21:56:48.002 [info] GlobalState: Updated global state ["workbench.panel.markers.hidden","workbench.panel.output.hidden","terminal.hidden","workbench.scm.views.state.hidden","workbench.explorer.views.state.hidden","workbench.view.search.state.hidden","nps/lastSessionDate","nps/sessionCount","cpp.1.lastSessionDate","cpp.1.sessionCount","java.2.lastSessionDate","java.2.sessionCount","javascript.1.lastSessionDate","javascript.1.sessionCount","typescript.1.lastSessionDate","typescript.1.sessionCount","workbench.view.debug.state.hidden","ces/skipSurvey","workbench.telemetryOptOutShown","workbench.view.extensions.state.hidden","javascript.1.editedCount","javascript.1.editedDate","commandPalette.mru.cache","commandPalette.mru.counter","workbench.view.extension.test.state.hidden","workbench.view.extension.flutter.state.hidden","fileBasedRecommendations/promptedRecommendations","nps/isCandidate","nps/skipVersion","workbench.view.extension.dockerView.state.hidden","github-nicoenea","workbench.sideBar.position","workbench.activityBar.hidden","workbench.statusBar.hidden","terminal.integrated.showTerminalConfigPrompt","workbench.panel.repl.hidden","workbench.view.extension.jupyter-variables.state.hidden","workbench.welcomePage.hiddenCategories","typescript.1.editedCount","typescript.1.editedDate","workbench.activity.pinnedViewlets2","workbench.panel.pinnedPanels","workbench.statusbar.hidden","colorThemeData","memento/gettingStartedService","workbench.welcomePage.walkthroughMetadata"]
2023-04-23 21:56:48.002 [info] GlobalState: Updated local ui state
2023-04-23 21:56:48.011 [info] GlobalState: Updated last synchronized ui state
2023-04-23 21:56:48.446 [info] Extensions: Skipped synchronizing extension because the extension is not found. nash.awesome-flutter-snippets
2023-04-23 21:56:50.596 [info] Extensions: Installed extension. dart-code.flutter 3.62.0
2023-04-23 21:56:50.647 [info] Extensions: Migrating last sync user data. Resource does not exist.
2023-04-23 21:56:50.647 [info] Extensions: Last sync data state does not exist.
2023-04-23 21:56:51.731 [info] Extensions: Installed extension. yzhang.markdown-all-in-one 3.5.1
2023-04-23 21:56:51.793 [info] Extensions: Migrating last sync user data. Resource does not exist.
2023-04-23 21:56:51.794 [info] Extensions: Last sync data state does not exist.
2023-04-23 21:56:54.724 [info] Extensions: Installed extension. ritwickdey.liveserver 5.7.9
2023-04-23 21:56:54.778 [info] Extensions: Migrating last sync user data. Resource does not exist.
2023-04-23 21:56:54.778 [info] Extensions: Last sync data state does not exist.
2023-04-23 21:56:55.049 [info] Extensions: Migrating last sync user data. Resource does not exist.
2023-04-23 21:56:55.049 [info] Extensions: Last sync data state does not exist.
2023-04-23 21:56:55.879 [info] Extensions: Installed extension. ms-azuretools.vscode-docker 1.25.0
2023-04-23 21:56:55.929 [info] Extensions: Migrating last sync user data. Resource does not exist.
2023-04-23 21:56:55.930 [info] Extensions: Last sync data state does not exist.
2023-04-23 21:56:56.876 [info] Extensions: Installed extension. ecmel.vscode-html-css 1.13.1
2023-04-23 21:56:56.926 [info] Extensions: Migrating last sync user data. Resource does not exist.
2023-04-23 21:56:56.926 [info] Extensions: Last sync data state does not exist.
2023-04-23 21:56:58.047 [info] Extensions: Installed extension. jock.svg 1.5.2
2023-04-23 21:56:58.102 [info] Extensions: Migrating last sync user data. Resource does not exist.
2023-04-23 21:56:58.102 [info] Extensions: Last sync data state does not exist.
2023-04-23 21:57:04.318 [info] Extensions: Installed extension. dart-code.dart-code 3.62.0
2023-04-23 21:57:04.379 [info] Extensions: Migrating last sync user data. Resource does not exist.
2023-04-23 21:57:04.379 [info] Extensions: Last sync data state does not exist.
2023-04-23 21:57:07.148 [info] Extensions: Installed extension. ms-python.python 2023.6.1
2023-04-23 21:57:07.204 [info] Extensions: Migrating last sync user data. Resource does not exist.
2023-04-23 21:57:07.204 [info] Extensions: Last sync data state does not exist.
2023-04-23 21:57:10.406 [info] Extensions: Installed extension. ms-python.vscode-pylance 2023.4.30
2023-04-23 21:57:10.466 [info] Extensions: Migrating last sync user data. Resource does not exist.
2023-04-23 21:57:10.466 [info] Extensions: Last sync data state does not exist.
2023-04-23 21:57:12.811 [info] Extensions: Installed extension. ms-toolsai.jupyter 2023.3.1201040234
2023-04-23 21:57:12.818 [info] Extensions: Updated last synchronized extensions. Skipped: ["nash.awesome-flutter-snippets"].
2023-04-23 21:57:12.820 [info] Profiles: No changes found during synchronizing profiles.
2023-04-23 21:57:12.827 [info] Profiles: Updated last synchronized profiles.
2023-04-23 21:57:12.829 [info] Sync done. Took 26078ms
2023-04-23 21:57:12.861 [info] Auto Sync: Triggered by Interval
2023-04-23 21:57:12.861 [info] Sync started.
2023-04-23 21:57:12.962 [info] Settings: No changes found during synchronizing settings.
2023-04-23 21:57:12.965 [info] Keybindings: No changes found during synchronizing keybindings.
2023-04-23 21:57:12.969 [info] Snippets: No changes found during synchronizing snippets.
2023-04-23 21:57:12.972 [info] Tasks: No changes found during synchronizing tasks.
2023-04-23 21:57:13.097 [info] GlobalState: Updated remote ui state. Updated: workbench.activity.pinnedViewlets2,memento/gettingStartedService,workbench.welcomePage.walkthroughMetadata.
2023-04-23 21:57:13.104 [info] GlobalState: Updated last synchronized ui state
2023-04-23 21:57:13.158 [info] Extensions: No changes found during synchronizing extensions.
2023-04-23 21:57:13.160 [info] Profiles: No changes found during synchronizing profiles.
2023-04-23 21:57:13.163 [info] Sync done. Took 301ms
2023-04-23 21:57:15.416 [info] Auto Sync: Triggered by Activity
2023-04-23 21:57:15.416 [info] Sync started.
2023-04-23 21:57:15.469 [info] Settings: No changes found during synchronizing settings.
2023-04-23 21:57:15.471 [info] Keybindings: No changes found during synchronizing keybindings.
2023-04-23 21:57:15.473 [info] Snippets: No changes found during synchronizing snippets.
2023-04-23 21:57:15.474 [info] Tasks: No changes found during synchronizing tasks.
2023-04-23 21:57:15.590 [info] GlobalState: Updated remote ui state. Updated: workbench.panel.pinnedPanels,memento/gettingStartedService,workbench.welcomePage.walkthroughMetadata.
2023-04-23 21:57:15.604 [info] GlobalState: Updated last synchronized ui state
2023-04-23 21:57:15.641 [info] Extensions: No changes found during synchronizing extensions.
2023-04-23 21:57:15.642 [info] Profiles: No changes found during synchronizing profiles.
2023-04-23 21:57:15.644 [info] Sync done. Took 228ms
2023-04-23 21:57:40.662 [info] Auto Sync: Triggered by Activity
2023-04-23 21:57:40.662 [info] Sync started.
2023-04-23 21:57:40.711 [info] Settings: No changes found during synchronizing settings.
2023-04-23 21:57:40.715 [info] Keybindings: No changes found during synchronizing keybindings.
2023-04-23 21:57:40.718 [info] Snippets: No changes found during synchronizing snippets.
2023-04-23 21:57:40.722 [info] Tasks: No changes found during synchronizing tasks.
2023-04-23 21:57:40.726 [info] GlobalState: No changes found during synchronizing ui state.
2023-04-23 21:57:40.793 [info] Extensions: No changes found during synchronizing extensions.
2023-04-23 21:57:40.795 [info] Profiles: No changes found during synchronizing profiles.
2023-04-23 21:57:40.797 [info] Sync done. Took 134ms
2023-04-23 21:57:45.220 [info] Auto Sync: Triggered by Activity
2023-04-23 21:57:45.220 [info] Sync started.
2023-04-23 21:57:45.266 [info] Settings: No changes found during synchronizing settings.
2023-04-23 21:57:45.268 [info] Keybindings: No changes found during synchronizing keybindings.
2023-04-23 21:57:45.270 [info] Snippets: No changes found during synchronizing snippets.
2023-04-23 21:57:45.271 [info] Tasks: No changes found during synchronizing tasks.
2023-04-23 21:57:46.107 [info] GlobalState: Updated remote ui state. Updated: memento/gettingStartedService.
2023-04-23 21:57:46.122 [info] GlobalState: Updated last synchronized ui state
2023-04-23 21:57:46.199 [info] Extensions: No changes found during synchronizing extensions.
2023-04-23 21:57:46.200 [info] Profiles: No changes found during synchronizing profiles.
2023-04-23 21:57:46.201 [info] Sync done. Took 981ms
2023-04-23 21:57:57.382 [info] Auto Sync: Triggered by Activity
2023-04-23 21:57:57.383 [info] Sync started.
2023-04-23 21:57:57.441 [info] Settings: No changes found during synchronizing settings.
2023-04-23 21:57:57.443 [info] Keybindings: No changes found during synchronizing keybindings.
2023-04-23 21:57:57.445 [info] Snippets: No changes found during synchronizing snippets.
2023-04-23 21:57:57.447 [info] Tasks: No changes found during synchronizing tasks.
2023-04-23 21:57:58.320 [info] GlobalState: Updated remote ui state. Updated: workbench.activity.pinnedViewlets2,workbench.panel.pinnedPanels.
2023-04-23 21:57:58.327 [info] GlobalState: Updated last synchronized ui state
2023-04-23 21:57:58.383 [info] Extensions: No changes found during synchronizing extensions.
2023-04-23 21:57:58.385 [info] Profiles: No changes found during synchronizing profiles.
2023-04-23 21:57:58.387 [info] Sync done. Took 1005ms
2023-04-23 21:58:01.164 [info] Auto Sync: Triggered by Activity
2023-04-23 21:58:01.164 [info] Sync started.
2023-04-23 21:58:01.216 [info] Settings: No changes found during synchronizing settings.
2023-04-23 21:58:01.220 [info] Keybindings: No changes found during synchronizing keybindings.
2023-04-23 21:58:01.222 [info] Snippets: No changes found during synchronizing snippets.
2023-04-23 21:58:01.224 [info] Tasks: No changes found during synchronizing tasks.
2023-04-23 21:58:02.123 [info] GlobalState: Updated remote ui state. Updated: workbench.activity.pinnedViewlets2.
2023-04-23 21:58:02.139 [info] GlobalState: Updated last synchronized ui state
2023-04-23 21:58:02.192 [info] Extensions: No changes found during synchronizing extensions.
2023-04-23 21:58:02.194 [info] Profiles: No changes found during synchronizing profiles.
2023-04-23 21:58:02.196 [info] Sync done. Took 1032ms
2023-04-23 21:58:23.362 [info] Auto Sync: Triggered by Activity
2023-04-23 21:58:23.363 [info] Sync started.
2023-04-23 21:58:23.411 [info] Settings: No changes found during synchronizing settings.
2023-04-23 21:58:23.415 [info] Keybindings: No changes found during synchronizing keybindings.
2023-04-23 21:58:23.418 [info] Snippets: No changes found during synchronizing snippets.
2023-04-23 21:58:23.421 [info] Tasks: No changes found during synchronizing tasks.
2023-04-23 21:58:23.425 [info] GlobalState: No changes found during synchronizing ui state.
2023-04-23 21:58:23.501 [info] Extensions: No changes found during synchronizing extensions.
2023-04-23 21:58:23.503 [info] Profiles: No changes found during synchronizing profiles.
2023-04-23 21:58:23.504 [info] Sync done. Took 142ms
2023-04-23 21:59:21.700 [info] Auto Sync: Triggered by Activity
2023-04-23 21:59:21.701 [info] Sync started.
2023-04-23 21:59:21.747 [info] Settings: No changes found during synchronizing settings.
2023-04-23 21:59:21.751 [info] Keybindings: No changes found during synchronizing keybindings.
2023-04-23 21:59:21.755 [info] Snippets: No changes found during synchronizing snippets.
2023-04-23 21:59:21.759 [info] Tasks: No changes found during synchronizing tasks.
2023-04-23 21:59:21.764 [info] GlobalState: No changes found during synchronizing ui state.
2023-04-23 21:59:21.849 [info] Extensions: No changes found during synchronizing extensions.
2023-04-23 21:59:21.851 [info] Profiles: No changes found during synchronizing profiles.
2023-04-23 21:59:21.852 [info] Sync done. Took 152ms
2023-04-23 22:00:07.454 [info] Auto Sync: Triggered by Activity
2023-04-23 22:00:07.454 [info] Sync started.
2023-04-23 22:00:07.498 [info] Settings: No changes found during synchronizing settings.
2023-04-23 22:00:07.501 [info] Keybindings: No changes found during synchronizing keybindings.
2023-04-23 22:00:07.505 [info] Snippets: No changes found during synchronizing snippets.
2023-04-23 22:00:07.508 [info] Tasks: No changes found during synchronizing tasks.
2023-04-23 22:00:07.513 [info] GlobalState: No changes found during synchronizing ui state.
2023-04-23 22:00:07.583 [info] Extensions: No changes found during synchronizing extensions.
2023-04-23 22:00:07.586 [info] Profiles: No changes found during synchronizing profiles.
2023-04-23 22:00:07.587 [info] Sync done. Took 134ms
2023-04-23 22:01:09.057 [info] Auto Sync: Triggered by Activity
2023-04-23 22:01:09.057 [info] Sync started.
2023-04-23 22:01:09.108 [info] Settings: No changes found during synchronizing settings.
2023-04-23 22:01:09.111 [info] Keybindings: No changes found during synchronizing keybindings.
2023-04-23 22:01:09.113 [info] Snippets: No changes found during synchronizing snippets.
2023-04-23 22:01:09.114 [info] Tasks: No changes found during synchronizing tasks.
2023-04-23 22:01:09.117 [info] GlobalState: No changes found during synchronizing ui state.
2023-04-23 22:01:09.180 [info] Extensions: No changes found during synchronizing extensions.
2023-04-23 22:01:09.182 [info] Profiles: No changes found during synchronizing profiles.
2023-04-23 22:01:09.183 [info] Sync done. Took 125ms
2023-04-23 22:03:46.302 [info] Auto Sync: Triggered by Activity
2023-04-23 22:03:46.302 [info] Sync started.
2023-04-23 22:03:46.477 [info] Settings: No changes found during synchronizing settings.
2023-04-23 22:03:46.480 [info] Keybindings: No changes found during synchronizing keybindings.
2023-04-23 22:03:46.484 [info] Snippets: No changes found during synchronizing snippets.
2023-04-23 22:03:46.487 [info] Tasks: No changes found during synchronizing tasks.
2023-04-23 22:03:46.491 [info] GlobalState: No changes found during synchronizing ui state.
2023-04-23 22:03:46.538 [info] Extensions: No changes found during synchronizing extensions.
2023-04-23 22:03:46.539 [info] Profiles: No changes found during synchronizing profiles.
2023-04-23 22:03:46.540 [info] Sync done. Took 238ms
2023-04-23 22:04:10.795 [info] Auto Sync: Triggered by Activity
2023-04-23 22:04:10.795 [info] Sync started.
2023-04-23 22:04:10.845 [info] Settings: No changes found during synchronizing settings.
2023-04-23 22:04:10.848 [info] Keybindings: No changes found during synchronizing keybindings.
2023-04-23 22:04:10.852 [info] Snippets: No changes found during synchronizing snippets.
2023-04-23 22:04:10.854 [info] Tasks: No changes found during synchronizing tasks.
2023-04-23 22:04:10.859 [info] GlobalState: No changes found during synchronizing ui state.
2023-04-23 22:04:10.928 [info] Extensions: No changes found during synchronizing extensions.
2023-04-23 22:04:10.931 [info] Profiles: No changes found during synchronizing profiles.
2023-04-23 22:04:10.932 [info] Sync done. Took 137ms
2023-04-23 22:04:23.050 [info] Auto Sync: Triggered by Activity
2023-04-23 22:04:23.050 [info] Sync started.
2023-04-23 22:04:23.095 [info] Settings: No changes found during synchronizing settings.
2023-04-23 22:04:23.100 [info] Keybindings: No changes found during synchronizing keybindings.
2023-04-23 22:04:23.104 [info] Snippets: No changes found during synchronizing snippets.
2023-04-23 22:04:23.106 [info] Tasks: No changes found during synchronizing tasks.
2023-04-23 22:04:23.110 [info] GlobalState: No changes found during synchronizing ui state.
2023-04-23 22:04:23.180 [info] Extensions: No changes found during synchronizing extensions.
2023-04-23 22:04:23.181 [info] Profiles: No changes found during synchronizing profiles.
2023-04-23 22:04:23.182 [info] Sync done. Took 133ms
2023-04-23 22:04:54.350 [info] Auto Sync: Triggered by Activity
2023-04-23 22:04:54.350 [info] Sync started.
2023-04-23 22:04:54.399 [info] Settings: No changes found during synchronizing settings.
2023-04-23 22:04:54.403 [info] Keybindings: No changes found during synchronizing keybindings.
2023-04-23 22:04:54.407 [info] Snippets: No changes found during synchronizing snippets.
2023-04-23 22:04:54.409 [info] Tasks: No changes found during synchronizing tasks.
2023-04-23 22:04:54.413 [info] GlobalState: No changes found during synchronizing ui state.
2023-04-23 22:04:54.464 [info] Extensions: No changes found during synchronizing extensions.
2023-04-23 22:04:54.465 [info] Profiles: No changes found during synchronizing profiles.
2023-04-23 22:04:54.466 [info] Sync done. Took 117ms
2023-04-23 22:08:38.978 [info] Auto Sync: Triggered by Activity
2023-04-23 22:08:38.978 [info] Sync started.
2023-04-23 22:08:39.168 [info] Settings: No changes found during synchronizing settings.
2023-04-23 22:08:39.170 [info] Keybindings: No changes found during synchronizing keybindings.
2023-04-23 22:08:39.172 [info] Snippets: No changes found during synchronizing snippets.
2023-04-23 22:08:39.174 [info] Tasks: No changes found during synchronizing tasks.
2023-04-23 22:08:39.177 [info] GlobalState: No changes found during synchronizing ui state.
2023-04-23 22:08:39.237 [info] Extensions: No changes found during synchronizing extensions.
2023-04-23 22:08:39.238 [info] Profiles: No changes found during synchronizing profiles.
2023-04-23 22:08:39.239 [info] Sync done. Took 262ms
2023-04-23 22:13:39.241 [info] Auto Sync: Triggered by Interval
2023-04-23 22:13:39.241 [info] Sync started.
2023-04-23 22:13:39.428 [info] Settings: No changes found during synchronizing settings.
2023-04-23 22:13:39.431 [info] Keybindings: No changes found during synchronizing keybindings.
2023-04-23 22:13:39.434 [info] Snippets: No changes found during synchronizing snippets.
2023-04-23 22:13:39.436 [info] Tasks: No changes found during synchronizing tasks.
2023-04-23 22:13:39.439 [info] GlobalState: No changes found during synchronizing ui state.
2023-04-23 22:13:39.514 [info] Extensions: No changes found during synchronizing extensions.
2023-04-23 22:13:39.515 [info] Profiles: No changes found during synchronizing profiles.
2023-04-23 22:13:39.516 [info] Sync done. Took 276ms
2023-04-23 22:15:47.832 [info] Auto Sync: Triggered by Activity
2023-04-23 22:15:47.832 [info] Sync started.
2023-04-23 22:15:47.878 [info] Settings: No changes found during synchronizing settings.
2023-04-23 22:15:47.880 [info] Keybindings: No changes found during synchronizing keybindings.
2023-04-23 22:15:47.883 [info] Snippets: No changes found during synchronizing snippets.
2023-04-23 22:15:47.885 [info] Tasks: No changes found during synchronizing tasks.
2023-04-23 22:15:47.889 [info] GlobalState: No changes found during synchronizing ui state.
2023-04-23 22:15:47.947 [info] Extensions: No changes found during synchronizing extensions.
2023-04-23 22:15:47.949 [info] Profiles: No changes found during synchronizing profiles.
2023-04-23 22:15:47.950 [info] Sync done. Took 118ms
2023-04-23 22:16:10.699 [info] Auto Sync: Triggered by Activity
2023-04-23 22:16:10.700 [info] Sync started.
2023-04-23 22:16:10.756 [info] Settings: No changes found during synchronizing settings.
2023-04-23 22:16:10.760 [info] Keybindings: No changes found during synchronizing keybindings.
2023-04-23 22:16:10.762 [info] Snippets: No changes found during synchronizing snippets.
2023-04-23 22:16:10.765 [info] Tasks: No changes found during synchronizing tasks.
2023-04-23 22:16:10.768 [info] GlobalState: No changes found during synchronizing ui state.
2023-04-23 22:16:10.846 [info] Extensions: No changes found during synchronizing extensions.
2023-04-23 22:16:10.847 [info] Profiles: No changes found during synchronizing profiles.
2023-04-23 22:16:10.849 [info] Sync done. Took 149ms
2023-04-23 22:16:31.327 [info] Auto Sync: Triggered by Activity
2023-04-23 22:16:31.327 [info] Sync started.
2023-04-23 22:16:31.373 [info] Settings: No changes found during synchronizing settings.
2023-04-23 22:16:31.375 [info] Keybindings: No changes found during synchronizing keybindings.
2023-04-23 22:16:31.377 [info] Snippets: No changes found during synchronizing snippets.
2023-04-23 22:16:31.379 [info] Tasks: No changes found during synchronizing tasks.
2023-04-23 22:16:31.380 [info] GlobalState: No changes found during synchronizing ui state.
2023-04-23 22:16:31.434 [info] Extensions: No changes found during synchronizing extensions.
2023-04-23 22:16:31.435 [info] Profiles: No changes found during synchronizing profiles.
2023-04-23 22:16:31.437 [info] Sync done. Took 109ms
2023-04-23 22:17:04.101 [info] Auto Sync: Triggered by Activity
2023-04-23 22:17:04.101 [info] Sync started.
2023-04-23 22:17:04.152 [info] Settings: No changes found during synchronizing settings.
2023-04-23 22:17:04.155 [info] Keybindings: No changes found during synchronizing keybindings.
2023-04-23 22:17:04.158 [info] Snippets: No changes found during synchronizing snippets.
2023-04-23 22:17:04.160 [info] Tasks: No changes found during synchronizing tasks.
2023-04-23 22:17:04.164 [info] GlobalState: No changes found during synchronizing ui state.
2023-04-23 22:17:04.223 [info] Extensions: No changes found during synchronizing extensions.
2023-04-23 22:17:04.225 [info] Profiles: No changes found during synchronizing profiles.
2023-04-23 22:17:04.227 [info] Sync done. Took 126ms
2023-04-23 22:17:30.462 [info] Auto Sync: Triggered by Activity
2023-04-23 22:17:30.462 [info] Sync started.
2023-04-23 22:17:30.513 [info] Settings: No changes found during synchronizing settings.
2023-04-23 22:17:30.517 [info] Keybindings: No changes found during synchronizing keybindings.
2023-04-23 22:17:30.520 [info] Snippets: No changes found during synchronizing snippets.
2023-04-23 22:17:30.523 [info] Tasks: No changes found during synchronizing tasks.
2023-04-23 22:17:30.526 [info] GlobalState: No changes found during synchronizing ui state.
2023-04-23 22:17:30.586 [info] Extensions: No changes found during synchronizing extensions.
2023-04-23 22:17:30.587 [info] Profiles: No changes found during synchronizing profiles.
2023-04-23 22:17:30.588 [info] Sync done. Took 126ms
2023-04-23 22:17:45.129 [info] Auto Sync: Triggered by Activity
2023-04-23 22:17:45.129 [info] Sync started.
2023-04-23 22:17:45.183 [info] Settings: No changes found during synchronizing settings.
2023-04-23 22:17:45.185 [info] Keybindings: No changes found during synchronizing keybindings.
2023-04-23 22:17:45.187 [info] Snippets: No changes found during synchronizing snippets.
2023-04-23 22:17:45.189 [info] Tasks: No changes found during synchronizing tasks.
2023-04-23 22:17:45.192 [info] GlobalState: No changes found during synchronizing ui state.
2023-04-23 22:17:45.259 [info] Extensions: No changes found during synchronizing extensions.
2023-04-23 22:17:45.261 [info] Profiles: No changes found during synchronizing profiles.
2023-04-23 22:17:45.262 [info] Sync done. Took 134ms
2023-04-23 22:18:02.072 [info] Auto Sync: Triggered by Activity
2023-04-23 22:18:02.073 [info] Sync started.
2023-04-23 22:18:02.119 [info] Settings: No changes found during synchronizing settings.
2023-04-23 22:18:02.121 [info] Keybindings: No changes found during synchronizing keybindings.
2023-04-23 22:18:02.123 [info] Snippets: No changes found during synchronizing snippets.
2023-04-23 22:18:02.125 [info] Tasks: No changes found during synchronizing tasks.
2023-04-23 22:18:02.128 [info] GlobalState: No changes found during synchronizing ui state.
2023-04-23 22:18:02.177 [info] Extensions: No changes found during synchronizing extensions.
2023-04-23 22:18:02.179 [info] Profiles: No changes found during synchronizing profiles.
2023-04-23 22:18:02.180 [info] Sync done. Took 108ms
2023-04-23 22:18:41.906 [info] Auto Sync: Triggered by Activity
2023-04-23 22:18:41.906 [info] Sync started.
2023-04-23 22:18:41.955 [info] Settings: No changes found during synchronizing settings.
2023-04-23 22:18:41.957 [info] Keybindings: No changes found during synchronizing keybindings.
2023-04-23 22:18:41.959 [info] Snippets: No changes found during synchronizing snippets.
2023-04-23 22:18:41.961 [info] Tasks: No changes found during synchronizing tasks.
2023-04-23 22:18:41.963 [info] GlobalState: No changes found during synchronizing ui state.
2023-04-23 22:18:42.023 [info] Extensions: No changes found during synchronizing extensions.
2023-04-23 22:18:42.024 [info] Profiles: No changes found during synchronizing profiles.
2023-04-23 22:18:42.025 [info] Sync done. Took 119ms
2023-04-23 22:20:45.988 [info] Auto Sync: Triggered by Activity
2023-04-23 22:20:45.988 [info] Sync started.
2023-04-23 22:20:46.035 [info] Settings: No changes found during synchronizing settings.
2023-04-23 22:20:46.037 [info] Keybindings: No changes found during synchronizing keybindings.
2023-04-23 22:20:46.039 [info] Snippets: No changes found during synchronizing snippets.
2023-04-23 22:20:46.040 [info] Tasks: No changes found during synchronizing tasks.
2023-04-23 22:20:46.042 [info] GlobalState: No changes found during synchronizing ui state.
2023-04-23 22:20:46.094 [info] Extensions: No changes found during synchronizing extensions.
2023-04-23 22:20:46.095 [info] Profiles: No changes found during synchronizing profiles.
2023-04-23 22:20:46.096 [info] Sync done. Took 109ms
2023-04-23 22:21:09.023 [info] Auto Sync: Triggered by Activity
2023-04-23 22:21:09.023 [info] Sync started.
2023-04-23 22:21:09.067 [info] Settings: No changes found during synchronizing settings.
2023-04-23 22:21:09.070 [info] Keybindings: No changes found during synchronizing keybindings.
2023-04-23 22:21:09.074 [info] Snippets: No changes found during synchronizing snippets.
2023-04-23 22:21:09.076 [info] Tasks: No changes found during synchronizing tasks.
2023-04-23 22:21:09.081 [info] GlobalState: No changes found during synchronizing ui state.
2023-04-23 22:21:09.146 [info] Extensions: No changes found during synchronizing extensions.
2023-04-23 22:21:09.148 [info] Profiles: No changes found during synchronizing profiles.
2023-04-23 22:21:09.150 [info] Sync done. Took 128ms
2023-04-23 22:21:40.425 [info] Auto Sync: Triggered by Activity
2023-04-23 22:21:40.425 [info] Sync started.
2023-04-23 22:21:40.467 [info] Settings: No changes found during synchronizing settings.
2023-04-23 22:21:40.469 [info] Keybindings: No changes found during synchronizing keybindings.
2023-04-23 22:21:40.471 [info] Snippets: No changes found during synchronizing snippets.
2023-04-23 22:21:40.472 [info] Tasks: No changes found during synchronizing tasks.
2023-04-23 22:21:40.474 [info] GlobalState: No changes found during synchronizing ui state.
2023-04-23 22:21:40.524 [info] Extensions: No changes found during synchronizing extensions.
2023-04-23 22:21:40.525 [info] Profiles: No changes found during synchronizing profiles.
2023-04-23 22:21:40.526 [info] Sync done. Took 102ms
2023-04-23 22:22:31.187 [info] Auto Sync: Triggered by Activity
2023-04-23 22:22:31.187 [info] Sync started.
2023-04-23 22:22:31.229 [info] Settings: No changes found during synchronizing settings.
2023-04-23 22:22:31.231 [info] Keybindings: No changes found during synchronizing keybindings.
2023-04-23 22:22:31.232 [info] Snippets: No changes found during synchronizing snippets.
2023-04-23 22:22:31.234 [info] Tasks: No changes found during synchronizing tasks.
2023-04-23 22:22:31.236 [info] GlobalState: No changes found during synchronizing ui state.
2023-04-23 22:22:31.278 [info] Extensions: No changes found during synchronizing extensions.
2023-04-23 22:22:31.279 [info] Profiles: No changes found during synchronizing profiles.
2023-04-23 22:22:31.280 [info] Sync done. Took 93ms
