2023-04-23 21:56:32.107 [info] Added views:workbench.panel.markers.view in workbench.panel.markers
2023-04-23 21:56:32.107 [info] Added views:workbench.panel.output in workbench.panel.output
2023-04-23 21:56:32.107 [info] Added views:terminal in terminal
2023-04-23 21:56:32.107 [info] Added views:outline in workbench.view.explorer
2023-04-23 21:56:32.107 [info] Added views:workbench.scm in workbench.view.scm
2023-04-23 21:56:32.107 [info] Added views:workbench.view.search in workbench.view.search
2023-04-23 21:56:32.107 [info] Added views:timeline in workbench.view.explorer
2023-04-23 21:56:32.107 [info] Added views:workbench.explorer.emptyView in workbench.view.explorer
2023-04-23 21:56:32.287 [info] Added views:workbench.debug.welcome in workbench.view.debug
2023-04-23 21:56:32.348 [info] Added views:workbench.panel.repl.view in workbench.panel.repl
2023-04-23 21:56:55.912 [info] Added views:dockerContainers,dockerImages,dockerRegistries,dockerNetworks,dockerVolumes,vscode-docker.views.dockerContexts,vscode-docker.views.help in workbench.view.extension.dockerView
2023-04-23 21:57:54.756 [info] Added views:workbench.panel.markers.view in workbench.panel.markers
2023-04-23 21:57:54.756 [info] Added views:workbench.panel.output in workbench.panel.output
2023-04-23 21:57:54.756 [info] Added views:terminal in terminal
2023-04-23 21:57:54.756 [info] Added views:outline in workbench.view.explorer
2023-04-23 21:57:54.756 [info] Added views:workbench.scm in workbench.view.scm
2023-04-23 21:57:54.756 [info] Added views:workbench.view.search in workbench.view.search
2023-04-23 21:57:54.756 [info] Added views:timeline in workbench.view.explorer
2023-04-23 21:57:54.756 [info] Added views:workbench.explorer.fileView in workbench.view.explorer
2023-04-23 21:57:54.883 [info] Added views:workbench.debug.variablesView,workbench.debug.watchExpressionsView,workbench.debug.callStackView,workbench.debug.breakPointsView in workbench.view.debug
2023-04-23 21:57:54.952 [info] Added views:dockerContainers,dockerImages,dockerRegistries,dockerNetworks,dockerVolumes,vscode-docker.views.dockerContexts,vscode-docker.views.help in workbench.view.extension.dockerView
2023-04-23 21:57:55.102 [info] Added views:workbench.panel.repl.view in workbench.panel.repl
2023-04-23 21:57:55.103 [info] Removed views:workbench.debug.breakPointsView,workbench.debug.callStackView,workbench.debug.watchExpressionsView,workbench.debug.variablesView from workbench.view.debug
2023-04-23 21:57:55.104 [info] Added views:workbench.debug.welcome in workbench.view.debug
